<?xml version="1.0" encoding="UTF-8"?>
<testng-results skipped="0" failed="0" ignored="0" total="1" passed="1">
  <reporter-output>
  </reporter-output>
  <suite name="Default suite" duration-ms="20492" started-at="2020-09-25T09:40:43 IST" finished-at="2020-09-25T09:41:04 IST">
    <groups>
    </groups>
    <test name="Default test" duration-ms="20492" started-at="2020-09-25T09:40:43 IST" finished-at="2020-09-25T09:41:04 IST">
      <class name="com.mmt.tests.MMTHomepageTests">
        <test-method status="PASS" signature="preSetup()[pri:0, instance:com.mmt.tests.MMTHomepageTests@4d41cee]" name="preSetup" is-config="true" duration-ms="13" started-at="2020-09-25T09:40:43 IST" finished-at="2020-09-25T09:40:43 IST">
          <reporter-output>
          </reporter-output>
        </test-method> <!-- preSetup -->
        <test-method status="PASS" signature="setup()[pri:0, instance:com.mmt.tests.MMTHomepageTests@4d41cee]" name="setup" is-config="true" duration-ms="14606" started-at="2020-09-25T09:40:44 IST" finished-at="2020-09-25T09:40:58 IST">
          <reporter-output>
          </reporter-output>
        </test-method> <!-- setup -->
        <test-method status="PASS" signature="verifyApplicationLaunch()[pri:0, instance:com.mmt.tests.MMTHomepageTests@4d41cee]" name="verifyApplicationLaunch" duration-ms="5294" started-at="2020-09-25T09:40:58 IST" finished-at="2020-09-25T09:41:03 IST">
          <reporter-output>
          </reporter-output>
        </test-method> <!-- verifyApplicationLaunch -->
        <test-method status="PASS" signature="ceanUp()[pri:0, instance:com.mmt.tests.MMTHomepageTests@4d41cee]" name="ceanUp" is-config="true" duration-ms="537" started-at="2020-09-25T09:41:03 IST" finished-at="2020-09-25T09:41:04 IST">
          <reporter-output>
          </reporter-output>
        </test-method> <!-- ceanUp -->
      </class> <!-- com.mmt.tests.MMTHomepageTests -->
    </test> <!-- Default test -->
  </suite> <!-- Default suite -->
</testng-results>
